2020-10-05 20:19:43,830 INFO Cleaning up lock and pid files before exiting.
[0G[K[33m ƛ[0m [?7hInterrupted by user
[?7h[?25h2020-10-05 20:20:10,361 INFO Cleaning up lock and pid files before exiting.
[0G[K[33m ƛ[0m [?7hInterrupted by user
[?7h[?25h2020-10-05 20:24:17,053 INFO Received Watchman update for files ['/home/lucasvazq/Workspaces/H/cushead/1/cushead/src/console/files_creator.py']
2020-10-05 20:24:17,053 INFO Notifying server of update to files ['/home/lucasvazq/Workspaces/H/cushead/1/cushead/src/console/files_creator.py']
2020-10-05 20:24:17,053 INFO   and invalidation of files []
2020-10-05 20:27:53,615 INFO Received Watchman update for files ['/home/lucasvazq/Workspaces/H/cushead/1/cushead/src/console/files_creator.py']
2020-10-05 20:27:53,615 INFO Notifying server of update to files ['/home/lucasvazq/Workspaces/H/cushead/1/cushead/src/console/files_creator.py']
2020-10-05 20:27:53,615 INFO   and invalidation of files []
2020-10-05 20:28:09,764 INFO Received Watchman update for files ['/home/lucasvazq/Workspaces/H/cushead/1/cushead/src/console/files_creator.py']
2020-10-05 20:28:09,764 INFO Notifying server of update to files ['/home/lucasvazq/Workspaces/H/cushead/1/cushead/src/console/files_creator.py']
2020-10-05 20:28:09,764 INFO   and invalidation of files []
2020-10-05 20:41:49,163 INFO Received Watchman update for files ['/home/lucasvazq/Workspaces/H/cushead/1/cushead/src/generator/files.py']
2020-10-05 20:41:49,163 INFO Notifying server of update to files ['/home/lucasvazq/Workspaces/H/cushead/1/cushead/src/generator/files.py']
2020-10-05 20:41:49,163 INFO   and invalidation of files []
2020-10-05 20:42:36,376 INFO Received Watchman update for files ['/home/lucasvazq/Workspaces/H/cushead/1/cushead/src/generator/files.py']
2020-10-05 20:42:36,376 INFO Notifying server of update to files ['/home/lucasvazq/Workspaces/H/cushead/1/cushead/src/generator/files.py']
2020-10-05 20:42:36,376 INFO   and invalidation of files []
2020-10-05 20:51:47,723 INFO Received Watchman update for files ['/home/lucasvazq/Workspaces/H/cushead/1/cushead/src/generator/files.py']
2020-10-05 20:51:47,724 INFO Notifying server of update to files ['/home/lucasvazq/Workspaces/H/cushead/1/cushead/src/generator/files.py']
2020-10-05 20:51:47,724 INFO   and invalidation of files []
